# JRE version: Java(TM) SE Runtime Environment (8.0_181-b13) (build 1.8.0_181-b13)
# Java VM: Java HotSpot(TM) 64-Bit Server VM (25.181-b13 mixed mode windows-amd64 compressed oops)
Heap:
 PSYoungGen      total 17920K, used 9936K [0x00000000ec800000, 0x00000000edc00000, 0x0000000100000000)
  eden space 15360K, 48% used [0x00000000ec800000,0x00000000ecf36098,0x00000000ed700000)
  from space 2560K, 99% used [0x00000000ed700000,0x00000000ed97e048,0x00000000ed980000)
  to   space 2560K, 0% used [0x00000000ed980000,0x00000000ed980000,0x00000000edc00000)
 ParOldGen       total 40960K, used 10789K [0x00000000c5800000, 0x00000000c8000000, 0x00000000ec800000)
  object space 40960K, 26% used [0x00000000c5800000,0x00000000c6289630,0x00000000c8000000)
 Metaspace       used 15563K, capacity 16180K, committed 16256K, reserved 1062912K
  class space    used 1908K, capacity 2102K, committed 2176K, reserved 1048576K
GC Heap History (6 events):
Event: 0.466 GC heap before
{Heap before GC invocations=1 (full 0):
 PSYoungGen      total 17920K, used 15360K [0x00000000ec800000, 0x00000000edc00000, 0x0000000100000000)
  eden space 15360K, 100% used [0x00000000ec800000,0x00000000ed700000,0x00000000ed700000)
  from space 2560K, 0% used [0x00000000ed980000,0x00000000ed980000,0x00000000edc00000)
  to   space 2560K, 0% used [0x00000000ed700000,0x00000000ed700000,0x00000000ed980000)
 ParOldGen       total 40960K, used 0K [0x00000000c5800000, 0x00000000c8000000, 0x00000000ec800000)
  object space 40960K, 0% used [0x00000000c5800000,0x00000000c5800000,0x00000000c8000000)
 Metaspace       used 9283K, capacity 9616K, committed 9728K, reserved 1058816K
  class space    used 1141K, capacity 1238K, committed 1280K, reserved 1048576K
Event: 0.468 GC heap after
Heap after GC invocations=1 (full 0):
 PSYoungGen      total 17920K, used 2553K [0x00000000ec800000, 0x00000000edc00000, 0x0000000100000000)
  eden space 15360K, 0% used [0x00000000ec800000,0x00000000ec800000,0x00000000ed700000)
  from space 2560K, 99% used [0x00000000ed700000,0x00000000ed97e640,0x00000000ed980000)
  to   space 2560K, 0% used [0x00000000ed980000,0x00000000ed980000,0x00000000edc00000)
 ParOldGen       total 40960K, used 480K [0x00000000c5800000, 0x00000000c8000000, 0x00000000ec800000)
  object space 40960K, 1% used [0x00000000c5800000,0x00000000c5878010,0x00000000c8000000)
 Metaspace       used 9283K, capacity 9616K, committed 9728K, reserved 1058816K
  class space    used 1141K, capacity 1238K, committed 1280K, reserved 1048576K
}
Event: 3.737 GC heap before
{Heap before GC invocations=2 (full 0):
 PSYoungGen      total 17920K, used 17913K [0x00000000ec800000, 0x00000000edc00000, 0x0000000100000000)
  eden space 15360K, 100% used [0x00000000ec800000,0x00000000ed700000,0x00000000ed700000)
  from space 2560K, 99% used [0x00000000ed700000,0x00000000ed97e640,0x00000000ed980000)
  to   space 2560K, 0% used [0x00000000ed980000,0x00000000ed980000,0x00000000edc00000)
 ParOldGen       total 40960K, used 480K [0x00000000c5800000, 0x00000000c8000000, 0x00000000ec800000)
  object space 40960K, 1% used [0x00000000c5800000,0x00000000c5878010,0x00000000c8000000)
 Metaspace       used 14076K, capacity 14630K, committed 14976K, reserved 1062912K
  class space    used 1886K, capacity 2069K, committed 2176K, reserved 1048576K
Event: 3.742 GC heap after
Heap after GC invocations=2 (full 0):
 PSYoungGen      total 17920K, used 2552K [0x00000000ec800000, 0x00000000edc00000, 0x0000000100000000)
  eden space 15360K, 0% used [0x00000000ec800000,0x00000000ec800000,0x00000000ed700000)
  from space 2560K, 99% used [0x00000000ed980000,0x00000000edbfe068,0x00000000edc00000)
  to   space 2560K, 0% used [0x00000000ed700000,0x00000000ed700000,0x00000000ed980000)
 ParOldGen       total 40960K, used 7187K [0x00000000c5800000, 0x00000000c8000000, 0x00000000ec800000)
  object space 40960K, 17% used [0x00000000c5800000,0x00000000c5f04e00,0x00000000c8000000)
 Metaspace       used 14076K, capacity 14630K, committed 14976K, reserved 1062912K
  class space    used 1886K, capacity 2069K, committed 2176K, reserved 1048576K
}
Event: 13.079 GC heap before
{Heap before GC invocations=3 (full 0):
 PSYoungGen      total 17920K, used 17912K [0x00000000ec800000, 0x00000000edc00000, 0x0000000100000000)
  eden space 15360K, 100% used [0x00000000ec800000,0x00000000ed700000,0x00000000ed700000)
  from space 2560K, 99% used [0x00000000ed980000,0x00000000edbfe068,0x00000000edc00000)
  to   space 2560K, 0% used [0x00000000ed700000,0x00000000ed700000,0x00000000ed980000)
 ParOldGen       total 40960K, used 7187K [0x00000000c5800000, 0x00000000c8000000, 0x00000000ec800000)
  object space 40960K, 17% used [0x00000000c5800000,0x00000000c5f04e00,0x00000000c8000000)
 Metaspace       used 15327K, capacity 15956K, committed 16256K, reserved 1062912K
  class space    used 1904K, capacity 2098K, committed 2176K, reserved 1048576K
Event: 13.087 GC heap after
Heap after GC invocations=3 (full 0):
 PSYoungGen      total 17920K, used 2552K [0x00000000ec800000, 0x00000000edc00000, 0x0000000100000000)
  eden space 15360K, 0% used [0x00000000ec800000,0x00000000ec800000,0x00000000ed700000)
  from space 2560K, 99% used [0x00000000ed700000,0x00000000ed97e048,0x00000000ed980000)
  to   space 2560K, 0% used [0x00000000ed980000,0x00000000ed980000,0x00000000edc00000)
 ParOldGen       total 40960K, used 10789K [0x00000000c5800000, 0x00000000c8000000, 0x00000000ec800000)
  object space 40960K, 26% used [0x00000000c5800000,0x00000000c6289630,0x00000000c8000000)
 Metaspace       used 15327K, capacity 15956K, committed 16256K, reserved 1062912K
  class space    used 1904K, capacity 2098K, committed 2176K, reserved 1048576K
}

